{"level":"info","message":"Initializing database tables","service":"admin-server","timestamp":"2025-12-17T00:46:48.039Z"}
{"level":"info","message":"email_platforms table ready","service":"admin-server","timestamp":"2025-12-17T00:46:48.081Z"}
{"level":"info","message":"platforms table ready","service":"admin-server","timestamp":"2025-12-17T00:46:48.085Z"}
{"level":"info","message":"Default platforms initialized","service":"admin-server","timestamp":"2025-12-17T00:46:48.123Z"}
{"level":"info","message":"Initializing database tables","service":"admin-server","timestamp":"2025-12-17T00:46:50.335Z"}
{"level":"info","message":"email_platforms table ready","service":"admin-server","timestamp":"2025-12-17T00:46:50.365Z"}
{"level":"info","message":"platforms table ready","service":"admin-server","timestamp":"2025-12-17T00:46:50.367Z"}
{"level":"info","message":"Default platforms initialized","service":"admin-server","timestamp":"2025-12-17T00:46:50.422Z"}
{"level":"info","message":"Initializing database tables","service":"admin-server","timestamp":"2025-12-17T00:46:52.314Z"}
{"level":"info","message":"email_platforms table ready","service":"admin-server","timestamp":"2025-12-17T00:46:52.331Z"}
{"level":"info","message":"platforms table ready","service":"admin-server","timestamp":"2025-12-17T00:46:52.331Z"}
{"level":"info","message":"Default platforms initialized","service":"admin-server","timestamp":"2025-12-17T00:46:52.386Z"}
{"level":"info","message":"Initializing database tables","service":"admin-server","timestamp":"2025-12-17T00:46:56.527Z"}
{"level":"info","message":"email_platforms table ready","service":"admin-server","timestamp":"2025-12-17T00:46:56.547Z"}
{"level":"info","message":"platforms table ready","service":"admin-server","timestamp":"2025-12-17T00:46:56.557Z"}
{"level":"info","message":"Default platforms initialized","service":"admin-server","timestamp":"2025-12-17T00:46:56.619Z"}
{"level":"info","message":"Initializing database tables","service":"admin-server","timestamp":"2025-12-17T00:46:57.760Z"}
{"level":"info","message":"email_platforms table ready","service":"admin-server","timestamp":"2025-12-17T00:46:57.781Z"}
{"level":"info","message":"platforms table ready","service":"admin-server","timestamp":"2025-12-17T00:46:57.782Z"}
{"level":"info","message":"Default platforms initialized","service":"admin-server","timestamp":"2025-12-17T00:46:57.811Z"}
{"level":"info","message":"Initializing database tables","service":"admin-server","timestamp":"2025-12-17T00:47:01.618Z"}
{"level":"info","message":"email_platforms table ready","service":"admin-server","timestamp":"2025-12-17T00:47:01.635Z"}
{"level":"info","message":"platforms table ready","service":"admin-server","timestamp":"2025-12-17T00:47:01.652Z"}
{"level":"info","message":"Default platforms initialized","service":"admin-server","timestamp":"2025-12-17T00:47:01.706Z"}
{"level":"info","message":"Login attempt","service":"admin-server","timestamp":"2025-12-17T00:47:13.657Z","username":"admin"}
{"level":"info","message":"Admin authentication successful","service":"admin-server","timestamp":"2025-12-17T00:47:13.658Z","username":"admin"}
{"level":"info","message":"Successful login","service":"admin-server","timestamp":"2025-12-17T00:47:13.658Z","username":"admin"}
{"level":"info","message":"Fetching mailboxes","service":"admin-server","timestamp":"2025-12-17T00:47:13.735Z"}
{"level":"info","message":"Fetching domains","service":"admin-server","timestamp":"2025-12-17T00:47:13.771Z"}
{"count":0,"level":"info","message":"Mailboxes fetched successfully","service":"admin-server","timestamp":"2025-12-17T00:47:13.812Z"}
{"count":1,"level":"info","message":"Domains fetched successfully","service":"admin-server","timestamp":"2025-12-17T00:47:13.814Z"}
{"level":"info","message":"Initializing database tables","service":"admin-server","timestamp":"2025-12-17T00:47:15.552Z"}
{"level":"info","message":"email_platforms table ready","service":"admin-server","timestamp":"2025-12-17T00:47:15.574Z"}
{"level":"info","message":"platforms table ready","service":"admin-server","timestamp":"2025-12-17T00:47:15.579Z"}
{"level":"info","message":"Default platforms initialized","service":"admin-server","timestamp":"2025-12-17T00:47:15.614Z"}
{"level":"info","message":"Login attempt","service":"admin-server","timestamp":"2025-12-17T00:47:29.392Z","username":"admin"}
{"level":"warn","message":"Admin authentication failed","service":"admin-server","timestamp":"2025-12-17T00:47:29.392Z","username":"admin"}
{"level":"warn","message":"Failed login attempt","service":"admin-server","timestamp":"2025-12-17T00:47:29.393Z","username":"admin"}
{"level":"info","message":"Initializing database tables","service":"admin-server","timestamp":"2025-12-17T00:47:33.445Z"}
{"level":"info","message":"email_platforms table ready","service":"admin-server","timestamp":"2025-12-17T00:47:33.466Z"}
{"level":"info","message":"platforms table ready","service":"admin-server","timestamp":"2025-12-17T00:47:33.467Z"}
{"level":"info","message":"Default platforms initialized","service":"admin-server","timestamp":"2025-12-17T00:47:33.500Z"}
{"level":"info","message":"Initializing database tables","service":"admin-server","timestamp":"2025-12-17T00:47:39.770Z"}
{"level":"info","message":"email_platforms table ready","service":"admin-server","timestamp":"2025-12-17T00:47:39.785Z"}
{"level":"info","message":"platforms table ready","service":"admin-server","timestamp":"2025-12-17T00:47:39.786Z"}
{"level":"info","message":"Default platforms initialized","service":"admin-server","timestamp":"2025-12-17T00:47:39.818Z"}
{"level":"info","message":"Initializing database tables","service":"admin-server","timestamp":"2025-12-17T00:47:43.102Z"}
{"level":"info","message":"email_platforms table ready","service":"admin-server","timestamp":"2025-12-17T00:47:43.126Z"}
{"level":"info","message":"platforms table ready","service":"admin-server","timestamp":"2025-12-17T00:47:43.126Z"}
{"level":"info","message":"Default platforms initialized","service":"admin-server","timestamp":"2025-12-17T00:47:43.207Z"}
{"level":"info","message":"Initializing database tables","service":"admin-server","timestamp":"2025-12-17T00:47:48.256Z"}
{"level":"info","message":"email_platforms table ready","service":"admin-server","timestamp":"2025-12-17T00:47:48.269Z"}
{"level":"info","message":"platforms table ready","service":"admin-server","timestamp":"2025-12-17T00:47:48.278Z"}
{"level":"info","message":"Default platforms initialized","service":"admin-server","timestamp":"2025-12-17T00:47:48.320Z"}
{"level":"info","message":"Initializing database tables","service":"admin-server","timestamp":"2025-12-17T00:48:02.482Z"}
{"level":"info","message":"email_platforms table ready","service":"admin-server","timestamp":"2025-12-17T00:48:02.512Z"}
{"level":"info","message":"platforms table ready","service":"admin-server","timestamp":"2025-12-17T00:48:02.513Z"}
{"level":"info","message":"Default platforms initialized","service":"admin-server","timestamp":"2025-12-17T00:48:02.562Z"}
{"level":"info","message":"Initializing database tables","service":"admin-server","timestamp":"2025-12-17T00:48:08.929Z"}
{"level":"info","message":"email_platforms table ready","service":"admin-server","timestamp":"2025-12-17T00:48:08.946Z"}
{"level":"info","message":"platforms table ready","service":"admin-server","timestamp":"2025-12-17T00:48:08.948Z"}
{"level":"info","message":"Default platforms initialized","service":"admin-server","timestamp":"2025-12-17T00:48:08.998Z"}
{"level":"info","message":"Initializing database tables","service":"admin-server","timestamp":"2025-12-17T00:48:14.348Z"}
{"level":"info","message":"email_platforms table ready","service":"admin-server","timestamp":"2025-12-17T00:48:14.370Z"}
{"level":"info","message":"platforms table ready","service":"admin-server","timestamp":"2025-12-17T00:48:14.371Z"}
{"level":"info","message":"Default platforms initialized","service":"admin-server","timestamp":"2025-12-17T00:48:14.418Z"}
{"level":"info","message":"Initializing database tables","service":"admin-server","timestamp":"2025-12-17T00:48:18.073Z"}
{"level":"info","message":"email_platforms table ready","service":"admin-server","timestamp":"2025-12-17T00:48:18.094Z"}
{"level":"info","message":"platforms table ready","service":"admin-server","timestamp":"2025-12-17T00:48:18.095Z"}
{"level":"info","message":"Default platforms initialized","service":"admin-server","timestamp":"2025-12-17T00:48:18.130Z"}
{"level":"info","message":"Initializing database tables","service":"admin-server","timestamp":"2025-12-17T00:48:30.795Z"}
{"level":"info","message":"email_platforms table ready","service":"admin-server","timestamp":"2025-12-17T00:48:30.811Z"}
{"level":"info","message":"platforms table ready","service":"admin-server","timestamp":"2025-12-17T00:48:30.821Z"}
{"level":"info","message":"Default platforms initialized","service":"admin-server","timestamp":"2025-12-17T00:48:30.853Z"}
{"level":"info","message":"Initializing database tables","service":"admin-server","timestamp":"2025-12-17T00:48:51.263Z"}
{"level":"info","message":"email_platforms table ready","service":"admin-server","timestamp":"2025-12-17T00:48:51.279Z"}
{"level":"info","message":"platforms table ready","service":"admin-server","timestamp":"2025-12-17T00:48:51.282Z"}
{"level":"info","message":"Default platforms initialized","service":"admin-server","timestamp":"2025-12-17T00:48:51.325Z"}
{"level":"info","message":"Initializing database tables","service":"admin-server","timestamp":"2025-12-17T00:49:01.861Z"}
{"level":"info","message":"email_platforms table ready","service":"admin-server","timestamp":"2025-12-17T00:49:01.874Z"}
{"level":"info","message":"platforms table ready","service":"admin-server","timestamp":"2025-12-17T00:49:01.874Z"}
{"level":"info","message":"Default platforms initialized","service":"admin-server","timestamp":"2025-12-17T00:49:01.905Z"}
{"level":"info","message":"Initializing database tables","service":"admin-server","timestamp":"2025-12-17T00:49:05.832Z"}
{"level":"info","message":"email_platforms table ready","service":"admin-server","timestamp":"2025-12-17T00:49:05.850Z"}
{"level":"info","message":"platforms table ready","service":"admin-server","timestamp":"2025-12-17T00:49:05.851Z"}
{"level":"info","message":"Default platforms initialized","service":"admin-server","timestamp":"2025-12-17T00:49:05.878Z"}
{"level":"info","message":"Initializing database tables","service":"admin-server","timestamp":"2025-12-17T00:49:08.996Z"}
{"level":"info","message":"email_platforms table ready","service":"admin-server","timestamp":"2025-12-17T00:49:09.012Z"}
{"level":"info","message":"platforms table ready","service":"admin-server","timestamp":"2025-12-17T00:49:09.015Z"}
{"level":"info","message":"Default platforms initialized","service":"admin-server","timestamp":"2025-12-17T00:49:09.055Z"}
{"level":"info","message":"Initializing database tables","service":"admin-server","timestamp":"2025-12-17T00:49:17.830Z"}
{"level":"info","message":"email_platforms table ready","service":"admin-server","timestamp":"2025-12-17T00:49:17.847Z"}
{"level":"info","message":"platforms table ready","service":"admin-server","timestamp":"2025-12-17T00:49:17.848Z"}
{"level":"info","message":"Default platforms initialized","service":"admin-server","timestamp":"2025-12-17T00:49:17.889Z"}
{"level":"info","message":"Initializing database tables","service":"admin-server","timestamp":"2025-12-17T00:49:18.966Z"}
{"level":"info","message":"email_platforms table ready","service":"admin-server","timestamp":"2025-12-17T00:49:18.981Z"}
{"level":"info","message":"platforms table ready","service":"admin-server","timestamp":"2025-12-17T00:49:18.981Z"}
{"level":"info","message":"Default platforms initialized","service":"admin-server","timestamp":"2025-12-17T00:49:19.014Z"}
{"level":"info","message":"Initializing database tables","service":"admin-server","timestamp":"2025-12-17T00:49:23.639Z"}
{"level":"info","message":"Admin server running on http://0.0.0.0:5001","service":"admin-server","timestamp":"2025-12-17T00:49:23.652Z"}
{"level":"info","message":"email_platforms table ready","service":"admin-server","timestamp":"2025-12-17T00:49:23.657Z"}
{"level":"info","message":"platforms table ready","service":"admin-server","timestamp":"2025-12-17T00:49:23.658Z"}
{"level":"info","message":"Default platforms initialized","service":"admin-server","timestamp":"2025-12-17T00:49:23.690Z"}
{"level":"info","message":"Initializing database tables","service":"admin-server","timestamp":"2025-12-17T00:49:27.240Z"}
{"level":"info","message":"Admin server running on http://0.0.0.0:5001","service":"admin-server","timestamp":"2025-12-17T00:49:27.251Z"}
{"level":"info","message":"email_platforms table ready","service":"admin-server","timestamp":"2025-12-17T00:49:27.268Z"}
{"level":"info","message":"platforms table ready","service":"admin-server","timestamp":"2025-12-17T00:49:27.270Z"}
{"level":"info","message":"Default platforms initialized","service":"admin-server","timestamp":"2025-12-17T00:49:27.336Z"}
{"level":"info","message":"Initializing database tables","service":"admin-server","timestamp":"2025-12-17T00:49:29.848Z"}
{"level":"info","message":"Admin server running on http://0.0.0.0:5001","service":"admin-server","timestamp":"2025-12-17T00:49:29.858Z"}
{"level":"info","message":"email_platforms table ready","service":"admin-server","timestamp":"2025-12-17T00:49:29.870Z"}
{"level":"info","message":"platforms table ready","service":"admin-server","timestamp":"2025-12-17T00:49:29.875Z"}
{"level":"info","message":"Default platforms initialized","service":"admin-server","timestamp":"2025-12-17T00:49:29.912Z"}
{"level":"info","message":"Login attempt","service":"admin-server","timestamp":"2025-12-17T00:49:53.583Z","username":"admin"}
{"level":"info","message":"Admin authentication successful","service":"admin-server","timestamp":"2025-12-17T00:49:53.584Z","username":"admin"}
{"level":"info","message":"Successful login","service":"admin-server","timestamp":"2025-12-17T00:49:53.584Z","username":"admin"}
{"level":"info","message":"Dashboard accessed","service":"admin-server","timestamp":"2025-12-17T00:49:53.663Z"}
{"level":"info","message":"Fetching mailboxes","service":"admin-server","timestamp":"2025-12-17T00:49:53.663Z"}
{"level":"info","message":"Fetching domains","service":"admin-server","timestamp":"2025-12-17T00:49:53.706Z"}
{"count":0,"level":"info","message":"Mailboxes fetched successfully","service":"admin-server","timestamp":"2025-12-17T00:49:53.754Z"}
{"count":1,"level":"info","message":"Domains fetched successfully","service":"admin-server","timestamp":"2025-12-17T00:49:53.754Z"}
{"level":"info","message":"Dashboard data fetched","service":"admin-server","timestamp":"2025-12-17T00:49:53.755Z","totalDomains":1,"totalMailboxes":0}
{"level":"info","message":"Mailboxes page accessed","service":"admin-server","timestamp":"2025-12-17T00:49:55.541Z"}
{"level":"info","message":"Fetching mailboxes","service":"admin-server","timestamp":"2025-12-17T00:49:55.541Z"}
{"count":0,"level":"info","message":"Mailboxes fetched successfully","service":"admin-server","timestamp":"2025-12-17T00:49:55.573Z"}
{"level":"warn","message":"Unable to fetch mailboxes from Mailcow API","service":"admin-server","timestamp":"2025-12-17T00:49:55.574Z"}
{"level":"info","message":"Create mailbox page accessed","service":"admin-server","timestamp":"2025-12-17T00:49:57.059Z"}
{"level":"info","message":"Fetching domains","service":"admin-server","timestamp":"2025-12-17T00:49:57.059Z"}
{"count":1,"level":"info","message":"Domains fetched successfully","service":"admin-server","timestamp":"2025-12-17T00:49:57.081Z"}
{"count":0,"level":"info","message":"Domains fetched for create mailbox page","service":"admin-server","timestamp":"2025-12-17T00:49:57.081Z"}
{"level":"info","message":"Initializing database tables","service":"admin-server","timestamp":"2025-12-17T00:51:03.810Z"}
{"level":"info","message":"Admin server running on http://0.0.0.0:5001","service":"admin-server","timestamp":"2025-12-17T00:51:03.822Z"}
{"level":"info","message":"email_platforms table ready","service":"admin-server","timestamp":"2025-12-17T00:51:03.828Z"}
{"level":"info","message":"platforms table ready","service":"admin-server","timestamp":"2025-12-17T00:51:03.829Z"}
{"level":"info","message":"Default platforms initialized","service":"admin-server","timestamp":"2025-12-17T00:51:03.878Z"}
{"level":"info","message":"Initializing database tables","service":"admin-server","timestamp":"2025-12-17T00:51:06.990Z"}
{"level":"info","message":"Admin server running on http://0.0.0.0:5001","service":"admin-server","timestamp":"2025-12-17T00:51:07.001Z"}
{"level":"info","message":"email_platforms table ready","service":"admin-server","timestamp":"2025-12-17T00:51:07.007Z"}
{"level":"info","message":"platforms table ready","service":"admin-server","timestamp":"2025-12-17T00:51:07.012Z"}
{"level":"info","message":"Default platforms initialized","service":"admin-server","timestamp":"2025-12-17T00:51:07.078Z"}
{"level":"info","message":"Initializing database tables","service":"admin-server","timestamp":"2025-12-17T00:51:15.463Z"}
{"level":"info","message":"Admin server running on http://0.0.0.0:5001","service":"admin-server","timestamp":"2025-12-17T00:51:15.489Z"}
{"level":"info","message":"email_platforms table ready","service":"admin-server","timestamp":"2025-12-17T00:51:15.499Z"}
{"level":"info","message":"platforms table ready","service":"admin-server","timestamp":"2025-12-17T00:51:15.500Z"}
{"level":"info","message":"Default platforms initialized","service":"admin-server","timestamp":"2025-12-17T00:51:15.544Z"}
{"level":"info","message":"Initializing database tables","service":"admin-server","timestamp":"2025-12-17T00:51:18.451Z"}
{"level":"info","message":"Admin server running on http://0.0.0.0:5001","service":"admin-server","timestamp":"2025-12-17T00:51:18.462Z"}
{"level":"info","message":"email_platforms table ready","service":"admin-server","timestamp":"2025-12-17T00:51:18.475Z"}
{"level":"info","message":"platforms table ready","service":"admin-server","timestamp":"2025-12-17T00:51:18.478Z"}
{"level":"info","message":"Default platforms initialized","service":"admin-server","timestamp":"2025-12-17T00:51:18.509Z"}
{"level":"warn","message":"Unauthorized access to create mailbox page","service":"admin-server","timestamp":"2025-12-17T00:51:25.025Z"}
{"level":"info","message":"Initializing database tables","service":"admin-server","timestamp":"2025-12-17T00:51:26.742Z"}
{"level":"info","message":"Admin server running on http://0.0.0.0:5001","service":"admin-server","timestamp":"2025-12-17T00:51:26.754Z"}
{"level":"info","message":"email_platforms table ready","service":"admin-server","timestamp":"2025-12-17T00:51:26.762Z"}
{"level":"info","message":"platforms table ready","service":"admin-server","timestamp":"2025-12-17T00:51:26.764Z"}
{"level":"info","message":"Default platforms initialized","service":"admin-server","timestamp":"2025-12-17T00:51:26.800Z"}
{"level":"info","message":"Login attempt","service":"admin-server","timestamp":"2025-12-17T00:52:10.623Z","username":"admin"}
{"level":"info","message":"Admin authentication successful","service":"admin-server","timestamp":"2025-12-17T00:52:10.624Z","username":"admin"}
{"level":"info","message":"Successful login","service":"admin-server","timestamp":"2025-12-17T00:52:10.624Z","username":"admin"}
{"level":"info","message":"Dashboard accessed","service":"admin-server","timestamp":"2025-12-17T00:52:10.695Z"}
{"level":"info","message":"Fetching mailboxes","service":"admin-server","timestamp":"2025-12-17T00:52:10.695Z"}
{"level":"info","message":"Fetching domains","service":"admin-server","timestamp":"2025-12-17T00:52:10.725Z"}
{"count":1,"level":"info","message":"Domains fetched successfully","service":"admin-server","timestamp":"2025-12-17T00:52:10.767Z"}
{"count":0,"level":"info","message":"Mailboxes fetched successfully","service":"admin-server","timestamp":"2025-12-17T00:52:10.767Z"}
{"level":"info","message":"Dashboard data fetched","service":"admin-server","timestamp":"2025-12-17T00:52:10.768Z","totalDomains":1,"totalMailboxes":0}
{"level":"info","message":"Mailboxes page accessed","service":"admin-server","timestamp":"2025-12-17T00:52:12.178Z"}
{"level":"info","message":"Fetching mailboxes","service":"admin-server","timestamp":"2025-12-17T00:52:12.178Z"}
{"count":0,"level":"info","message":"Mailboxes fetched successfully","service":"admin-server","timestamp":"2025-12-17T00:52:12.200Z"}
{"level":"warn","message":"Unable to fetch mailboxes from Mailcow API","service":"admin-server","timestamp":"2025-12-17T00:52:12.200Z"}
{"level":"info","message":"Create mailbox page accessed","service":"admin-server","timestamp":"2025-12-17T00:52:13.310Z"}
{"level":"info","message":"Fetching domains","service":"admin-server","timestamp":"2025-12-17T00:52:13.310Z"}
{"count":1,"level":"info","message":"Domains fetched successfully","service":"admin-server","timestamp":"2025-12-17T00:52:13.340Z"}
{"count":0,"level":"info","message":"Domains fetched for create mailbox page","rawCount":1,"service":"admin-server","timestamp":"2025-12-17T00:52:13.340Z"}
{"level":"warn","message":"Unauthorized access to create mailbox page","service":"admin-server","timestamp":"2025-12-17T00:52:27.950Z"}
{"level":"warn","message":"Unauthorized access to create mailbox page","service":"admin-server","timestamp":"2025-12-17T00:52:51.790Z"}
{"level":"info","message":"Initializing database tables","service":"admin-server","timestamp":"2025-12-17T00:53:19.280Z"}
{"level":"info","message":"Admin server running on http://0.0.0.0:5001","service":"admin-server","timestamp":"2025-12-17T00:53:19.293Z"}
{"level":"info","message":"email_platforms table ready","service":"admin-server","timestamp":"2025-12-17T00:53:19.298Z"}
{"level":"info","message":"platforms table ready","service":"admin-server","timestamp":"2025-12-17T00:53:19.302Z"}
{"level":"info","message":"Default platforms initialized","service":"admin-server","timestamp":"2025-12-17T00:53:19.355Z"}
{"level":"warn","message":"Unauthorized access to create mailbox page","service":"admin-server","timestamp":"2025-12-17T00:53:21.037Z"}
{"level":"info","message":"Login attempt","service":"admin-server","timestamp":"2025-12-17T00:53:25.394Z","username":"admin"}
{"level":"info","message":"Admin authentication successful","service":"admin-server","timestamp":"2025-12-17T00:53:25.395Z","username":"admin"}
{"level":"info","message":"Successful login","service":"admin-server","timestamp":"2025-12-17T00:53:25.395Z","username":"admin"}
{"level":"info","message":"Dashboard accessed","service":"admin-server","timestamp":"2025-12-17T00:53:25.462Z"}
{"level":"info","message":"Fetching mailboxes","service":"admin-server","timestamp":"2025-12-17T00:53:25.462Z"}
{"level":"info","message":"Fetching domains","service":"admin-server","timestamp":"2025-12-17T00:53:25.470Z"}
{"count":0,"level":"info","message":"Mailboxes fetched successfully","service":"admin-server","timestamp":"2025-12-17T00:53:25.553Z"}
{"count":1,"level":"info","message":"Domains fetched successfully","service":"admin-server","timestamp":"2025-12-17T00:53:25.556Z"}
{"level":"info","message":"Dashboard data fetched","service":"admin-server","timestamp":"2025-12-17T00:53:25.556Z","totalDomains":1,"totalMailboxes":0}
{"level":"info","message":"Mailboxes page accessed","service":"admin-server","timestamp":"2025-12-17T00:53:26.758Z"}
{"level":"info","message":"Fetching mailboxes","service":"admin-server","timestamp":"2025-12-17T00:53:26.758Z"}
{"count":0,"level":"info","message":"Mailboxes fetched successfully","service":"admin-server","timestamp":"2025-12-17T00:53:26.780Z"}
{"level":"warn","message":"Unable to fetch mailboxes from Mailcow API","service":"admin-server","timestamp":"2025-12-17T00:53:26.781Z"}
{"level":"info","message":"Create mailbox page accessed","service":"admin-server","timestamp":"2025-12-17T00:53:27.855Z"}
{"level":"info","message":"Fetching domains","service":"admin-server","timestamp":"2025-12-17T00:53:27.856Z"}
{"count":1,"level":"info","message":"Domains fetched successfully","service":"admin-server","timestamp":"2025-12-17T00:53:27.880Z"}
{"count":0,"level":"info","message":"Domains fetched for create mailbox page","rawCount":1,"service":"admin-server","timestamp":"2025-12-17T00:53:27.881Z"}
{"level":"info","message":"Create mailbox page accessed","service":"admin-server","timestamp":"2025-12-17T00:54:23.000Z"}
{"level":"info","message":"Fetching domains","service":"admin-server","timestamp":"2025-12-17T00:54:23.000Z"}
{"count":1,"level":"info","message":"Domains fetched successfully","service":"admin-server","timestamp":"2025-12-17T00:54:23.028Z"}
{"count":0,"level":"info","message":"Domains fetched for create mailbox page","rawCount":1,"service":"admin-server","timestamp":"2025-12-17T00:54:23.028Z"}
{"level":"info","message":"Dashboard accessed","service":"admin-server","timestamp":"2025-12-17T00:54:43.055Z"}
{"level":"info","message":"Fetching mailboxes","service":"admin-server","timestamp":"2025-12-17T00:54:43.056Z"}
{"level":"info","message":"Fetching domains","service":"admin-server","timestamp":"2025-12-17T00:54:43.057Z"}
{"count":0,"level":"info","message":"Mailboxes fetched successfully","service":"admin-server","timestamp":"2025-12-17T00:54:43.080Z"}
{"count":1,"level":"info","message":"Domains fetched successfully","service":"admin-server","timestamp":"2025-12-17T00:54:43.081Z"}
{"level":"info","message":"Dashboard data fetched","service":"admin-server","timestamp":"2025-12-17T00:54:43.081Z","totalDomains":1,"totalMailboxes":0}
{"level":"info","message":"Initializing database tables","service":"admin-server","timestamp":"2025-12-17T00:55:38.499Z"}
{"level":"info","message":"Admin server running on http://0.0.0.0:5001","service":"admin-server","timestamp":"2025-12-17T00:55:38.513Z"}
{"level":"info","message":"email_platforms table ready","service":"admin-server","timestamp":"2025-12-17T00:55:38.526Z"}
{"level":"info","message":"platforms table ready","service":"admin-server","timestamp":"2025-12-17T00:55:38.527Z"}
{"level":"info","message":"Default platforms initialized","service":"admin-server","timestamp":"2025-12-17T00:55:38.554Z"}
{"level":"warn","message":"Unauthorized access to dashboard","service":"admin-server","timestamp":"2025-12-17T00:55:41.102Z"}
{"level":"info","message":"Login attempt","service":"admin-server","timestamp":"2025-12-17T00:55:42.495Z","username":"admin"}
{"level":"info","message":"Admin authentication successful","service":"admin-server","timestamp":"2025-12-17T00:55:42.495Z","username":"admin"}
{"level":"info","message":"Successful login","service":"admin-server","timestamp":"2025-12-17T00:55:42.495Z","username":"admin"}
{"level":"info","message":"Dashboard accessed","service":"admin-server","timestamp":"2025-12-17T00:55:42.569Z"}
{"level":"info","message":"Fetching mailboxes","service":"admin-server","timestamp":"2025-12-17T00:55:42.569Z"}
{"level":"info","message":"Fetching domains","service":"admin-server","timestamp":"2025-12-17T00:55:42.577Z"}
{"count":0,"level":"info","message":"Mailboxes fetched successfully","service":"admin-server","timestamp":"2025-12-17T00:55:42.642Z"}
{"count":1,"level":"info","message":"Domains fetched successfully","service":"admin-server","timestamp":"2025-12-17T00:55:42.644Z"}
{"level":"info","message":"Dashboard data fetched","service":"admin-server","timestamp":"2025-12-17T00:55:42.646Z","totalDomains":1,"totalMailboxes":0}
{"level":"info","message":"Mailboxes page accessed","service":"admin-server","timestamp":"2025-12-17T00:55:44.994Z"}
{"level":"info","message":"Fetching mailboxes","service":"admin-server","timestamp":"2025-12-17T00:55:44.995Z"}
{"count":0,"level":"info","message":"Mailboxes fetched successfully","service":"admin-server","timestamp":"2025-12-17T00:55:45.023Z"}
{"level":"warn","message":"Unable to fetch mailboxes from Mailcow API","service":"admin-server","timestamp":"2025-12-17T00:55:45.024Z"}
{"level":"info","message":"Create mailbox page accessed","service":"admin-server","timestamp":"2025-12-17T00:55:46.236Z"}
{"level":"info","message":"Fetching domains","service":"admin-server","timestamp":"2025-12-17T00:55:46.237Z"}
{"count":1,"level":"info","message":"Domains fetched successfully","service":"admin-server","timestamp":"2025-12-17T00:55:46.282Z"}
{"count":0,"level":"info","message":"Domains fetched for create mailbox page","rawCount":1,"service":"admin-server","timestamp":"2025-12-17T00:55:46.284Z"}
{"level":"info","message":"Initializing database tables","service":"admin-server","timestamp":"2025-12-17T00:56:16.545Z"}
{"level":"info","message":"Admin server running on http://0.0.0.0:5001","service":"admin-server","timestamp":"2025-12-17T00:56:16.557Z"}
{"level":"info","message":"email_platforms table ready","service":"admin-server","timestamp":"2025-12-17T00:56:16.563Z"}
{"level":"info","message":"platforms table ready","service":"admin-server","timestamp":"2025-12-17T00:56:16.574Z"}
{"level":"info","message":"Default platforms initialized","service":"admin-server","timestamp":"2025-12-17T00:56:16.611Z"}
{"level":"warn","message":"Unauthorized access to dashboard","service":"admin-server","timestamp":"2025-12-17T00:56:20.711Z"}
{"level":"info","message":"Login attempt","service":"admin-server","timestamp":"2025-12-17T00:56:22.429Z","username":"admin"}
{"level":"info","message":"Admin authentication successful","service":"admin-server","timestamp":"2025-12-17T00:56:22.429Z","username":"admin"}
{"level":"info","message":"Successful login","service":"admin-server","timestamp":"2025-12-17T00:56:22.429Z","username":"admin"}
{"level":"info","message":"Dashboard accessed","service":"admin-server","timestamp":"2025-12-17T00:56:22.518Z"}
{"level":"info","message":"Fetching mailboxes","service":"admin-server","timestamp":"2025-12-17T00:56:22.519Z"}
{"level":"info","message":"Fetching domains","service":"admin-server","timestamp":"2025-12-17T00:56:22.527Z"}
{"count":0,"level":"info","message":"Mailboxes fetched successfully","service":"admin-server","timestamp":"2025-12-17T00:56:22.585Z"}
{"count":1,"level":"info","message":"Domains fetched successfully","service":"admin-server","timestamp":"2025-12-17T00:56:22.586Z"}
{"level":"info","message":"Dashboard data fetched","service":"admin-server","timestamp":"2025-12-17T00:56:22.586Z","totalDomains":1,"totalMailboxes":0}
{"level":"info","message":"Create mailbox page accessed","service":"admin-server","timestamp":"2025-12-17T00:56:27.128Z"}
{"level":"info","message":"Fetching domains","service":"admin-server","timestamp":"2025-12-17T00:56:27.128Z"}
{"count":1,"level":"info","message":"Domains fetched successfully","service":"admin-server","timestamp":"2025-12-17T00:56:27.153Z"}
{"count":0,"level":"info","message":"Domains fetched for create mailbox page","rawCount":1,"service":"admin-server","timestamp":"2025-12-17T00:56:27.154Z"}
{"level":"info","message":"Dashboard accessed","service":"admin-server","timestamp":"2025-12-17T00:56:31.757Z"}
{"level":"info","message":"Fetching mailboxes","service":"admin-server","timestamp":"2025-12-17T00:56:31.758Z"}
{"level":"info","message":"Fetching domains","service":"admin-server","timestamp":"2025-12-17T00:56:31.759Z"}
{"count":0,"level":"info","message":"Mailboxes fetched successfully","service":"admin-server","timestamp":"2025-12-17T00:56:31.781Z"}
{"count":1,"level":"info","message":"Domains fetched successfully","service":"admin-server","timestamp":"2025-12-17T00:56:31.783Z"}
{"level":"info","message":"Dashboard data fetched","service":"admin-server","timestamp":"2025-12-17T00:56:31.784Z","totalDomains":1,"totalMailboxes":0}
{"level":"info","message":"Mailboxes page accessed","service":"admin-server","timestamp":"2025-12-17T00:56:33.121Z"}
{"level":"info","message":"Fetching mailboxes","service":"admin-server","timestamp":"2025-12-17T00:56:33.122Z"}
{"count":0,"level":"info","message":"Mailboxes fetched successfully","service":"admin-server","timestamp":"2025-12-17T00:56:33.147Z"}
{"level":"warn","message":"Unable to fetch mailboxes from Mailcow API","service":"admin-server","timestamp":"2025-12-17T00:56:33.147Z"}
{"level":"info","message":"Initializing database tables","service":"admin-server","timestamp":"2025-12-17T00:58:08.578Z"}
{"level":"info","message":"Admin server running on http://0.0.0.0:5001","service":"admin-server","timestamp":"2025-12-17T00:58:08.589Z"}
{"level":"info","message":"email_platforms table ready","service":"admin-server","timestamp":"2025-12-17T00:58:08.593Z"}
{"level":"info","message":"platforms table ready","service":"admin-server","timestamp":"2025-12-17T00:58:08.593Z"}
{"level":"info","message":"Default platforms initialized","service":"admin-server","timestamp":"2025-12-17T00:58:08.623Z"}
{"level":"info","message":"Login attempt","service":"admin-server","timestamp":"2025-12-17T00:58:32.814Z","username":"admin"}
{"level":"info","message":"Admin authentication successful","service":"admin-server","timestamp":"2025-12-17T00:58:32.815Z","username":"admin"}
{"level":"info","message":"Successful login","service":"admin-server","timestamp":"2025-12-17T00:58:32.816Z","username":"admin"}
{"level":"warn","message":"Unauthorized access to create mailbox page","service":"admin-server","timestamp":"2025-12-17T00:58:41.714Z"}
{"level":"info","message":"Initializing database tables","service":"admin-server","timestamp":"2025-12-17T00:58:59.870Z"}
{"level":"info","message":"Admin server running on http://0.0.0.0:5001","service":"admin-server","timestamp":"2025-12-17T00:58:59.881Z"}
{"level":"info","message":"email_platforms table ready","service":"admin-server","timestamp":"2025-12-17T00:58:59.895Z"}
{"level":"info","message":"platforms table ready","service":"admin-server","timestamp":"2025-12-17T00:58:59.896Z"}
{"level":"info","message":"Default platforms initialized","service":"admin-server","timestamp":"2025-12-17T00:58:59.924Z"}
{"level":"info","message":"Initializing database tables","service":"admin-server","timestamp":"2025-12-17T01:00:12.272Z"}
{"level":"info","message":"Admin server running on http://0.0.0.0:5001","service":"admin-server","timestamp":"2025-12-17T01:00:12.285Z"}
{"level":"info","message":"email_platforms table ready","service":"admin-server","timestamp":"2025-12-17T01:00:12.289Z"}
{"level":"info","message":"platforms table ready","service":"admin-server","timestamp":"2025-12-17T01:00:12.299Z"}
{"level":"info","message":"Default platforms initialized","service":"admin-server","timestamp":"2025-12-17T01:00:12.353Z"}
{"level":"info","message":"Initializing database tables","service":"admin-server","timestamp":"2025-12-17T01:00:24.464Z"}
{"level":"info","message":"Admin server running on http://0.0.0.0:5001","service":"admin-server","timestamp":"2025-12-17T01:00:24.478Z"}
{"level":"info","message":"email_platforms table ready","service":"admin-server","timestamp":"2025-12-17T01:00:24.487Z"}
{"level":"info","message":"platforms table ready","service":"admin-server","timestamp":"2025-12-17T01:00:24.491Z"}
{"level":"info","message":"Default platforms initialized","service":"admin-server","timestamp":"2025-12-17T01:00:24.519Z"}
{"level":"warn","message":"Unauthorized access to create mailbox page","service":"admin-server","timestamp":"2025-12-17T01:00:29.068Z"}
{"level":"info","message":"Login attempt","service":"admin-server","timestamp":"2025-12-17T01:00:30.499Z","username":"admin"}
{"level":"info","message":"Admin authentication successful","service":"admin-server","timestamp":"2025-12-17T01:00:30.499Z","username":"admin"}
{"level":"info","message":"Successful login","service":"admin-server","timestamp":"2025-12-17T01:00:30.499Z","username":"admin"}
{"level":"info","message":"Dashboard accessed","service":"admin-server","timestamp":"2025-12-17T01:00:30.571Z"}
{"level":"info","message":"Fetching mailboxes","service":"admin-server","timestamp":"2025-12-17T01:00:30.571Z"}
{"level":"info","message":"Fetching domains","service":"admin-server","timestamp":"2025-12-17T01:00:30.589Z"}
{"count":0,"level":"info","message":"Mailboxes fetched successfully","service":"admin-server","timestamp":"2025-12-17T01:00:30.661Z"}
{"count":1,"level":"info","message":"Domains fetched successfully","service":"admin-server","timestamp":"2025-12-17T01:00:30.661Z"}
{"level":"info","message":"Dashboard data fetched","service":"admin-server","timestamp":"2025-12-17T01:00:30.662Z","totalDomains":1,"totalMailboxes":0}
{"level":"info","message":"Mailboxes page accessed","service":"admin-server","timestamp":"2025-12-17T01:00:37.115Z"}
{"level":"info","message":"Fetching mailboxes","service":"admin-server","timestamp":"2025-12-17T01:00:37.116Z"}
{"count":0,"level":"info","message":"Mailboxes fetched successfully","service":"admin-server","timestamp":"2025-12-17T01:00:37.135Z"}
{"level":"warn","message":"Unable to fetch mailboxes from Mailcow API","service":"admin-server","timestamp":"2025-12-17T01:00:37.136Z"}
{"level":"info","message":"Create mailbox page accessed","service":"admin-server","timestamp":"2025-12-17T01:00:39.828Z"}
{"level":"info","message":"Fetching domains","service":"admin-server","timestamp":"2025-12-17T01:00:39.829Z"}
{"count":1,"level":"info","message":"Domains fetched successfully","service":"admin-server","timestamp":"2025-12-17T01:00:39.853Z"}
{"count":0,"level":"info","message":"Domains fetched for create mailbox page","rawCount":1,"service":"admin-server","timestamp":"2025-12-17T01:00:39.854Z"}
{"level":"info","message":"Initializing database tables","service":"admin-server","timestamp":"2025-12-17T01:23:23.080Z"}
{"level":"info","message":"Admin server running on http://0.0.0.0:5001","service":"admin-server","timestamp":"2025-12-17T01:23:23.092Z"}
{"level":"info","message":"email_platforms table ready","service":"admin-server","timestamp":"2025-12-17T01:23:23.103Z"}
{"level":"info","message":"platforms table ready","service":"admin-server","timestamp":"2025-12-17T01:23:23.107Z"}
{"level":"info","message":"Default platforms initialized","service":"admin-server","timestamp":"2025-12-17T01:23:23.139Z"}
{"level":"info","message":"Initializing database tables","service":"admin-server","timestamp":"2025-12-17T01:24:04.521Z"}
{"level":"info","message":"Admin server running on http://0.0.0.0:5001","service":"admin-server","timestamp":"2025-12-17T01:24:04.537Z"}
{"level":"info","message":"email_platforms table ready","service":"admin-server","timestamp":"2025-12-17T01:24:04.548Z"}
{"level":"info","message":"platforms table ready","service":"admin-server","timestamp":"2025-12-17T01:24:04.549Z"}
{"level":"info","message":"Default platforms initialized","service":"admin-server","timestamp":"2025-12-17T01:24:04.584Z"}
{"level":"info","message":"Initializing database tables","service":"admin-server","timestamp":"2025-12-17T01:24:45.840Z"}
{"level":"info","message":"Admin server running on http://0.0.0.0:5001","service":"admin-server","timestamp":"2025-12-17T01:24:45.855Z"}
{"level":"info","message":"email_platforms table ready","service":"admin-server","timestamp":"2025-12-17T01:24:45.865Z"}
{"level":"info","message":"platforms table ready","service":"admin-server","timestamp":"2025-12-17T01:24:45.866Z"}
{"level":"info","message":"Default platforms initialized","service":"admin-server","timestamp":"2025-12-17T01:24:45.895Z"}
{"level":"warn","message":"Unauthorized access to create mailbox page","service":"admin-server","timestamp":"2025-12-17T01:24:56.824Z"}
{"level":"info","message":"Login attempt","service":"admin-server","timestamp":"2025-12-17T01:24:58.054Z","username":"admin"}
{"level":"info","message":"Admin authentication successful","service":"admin-server","timestamp":"2025-12-17T01:24:58.055Z","username":"admin"}
{"level":"info","message":"Successful login","service":"admin-server","timestamp":"2025-12-17T01:24:58.055Z","username":"admin"}
{"level":"info","message":"Dashboard accessed","service":"admin-server","timestamp":"2025-12-17T01:24:58.134Z"}
{"level":"info","message":"Dashboard data fetched","service":"admin-server","timestamp":"2025-12-17T01:24:58.275Z","totalDomains":1,"totalMailboxes":1}
{"level":"info","message":"Mailboxes page accessed","service":"admin-server","timestamp":"2025-12-17T01:25:03.105Z"}
{"count":1,"level":"info","message":"Mailboxes data processed","service":"admin-server","timestamp":"2025-12-17T01:25:03.171Z"}
{"level":"info","message":"Create mailbox page accessed","service":"admin-server","timestamp":"2025-12-17T01:25:07.855Z"}
{"count":0,"level":"info","message":"Domains fetched for create mailbox page","rawCount":1,"service":"admin-server","timestamp":"2025-12-17T01:25:07.878Z"}
{"level":"info","message":"Mailboxes page accessed","service":"admin-server","timestamp":"2025-12-17T01:25:10.582Z"}
{"count":1,"level":"info","message":"Mailboxes data processed","service":"admin-server","timestamp":"2025-12-17T01:25:10.611Z"}
{"email":"unknown@example.com","level":"info","message":"Delete mailbox request received","service":"admin-server","timestamp":"2025-12-17T01:25:13.120Z"}
{"email":"unknown@example.com","error":"Cannot find attributes in post data","level":"error","message":"Error deleting mailbox","service":"admin-server","timestamp":"2025-12-17T01:25:13.148Z"}
{"level":"info","message":"Mailboxes page accessed","service":"admin-server","timestamp":"2025-12-17T01:25:13.220Z"}
{"count":1,"level":"info","message":"Mailboxes data processed","service":"admin-server","timestamp":"2025-12-17T01:25:13.247Z"}
{"level":"info","message":"Dashboard accessed","service":"admin-server","timestamp":"2025-12-17T01:25:20.744Z"}
{"level":"info","message":"Dashboard data fetched","service":"admin-server","timestamp":"2025-12-17T01:25:20.773Z","totalDomains":1,"totalMailboxes":1}
{"level":"info","message":"Create mailbox page accessed","service":"admin-server","timestamp":"2025-12-17T01:25:40.062Z"}
{"count":0,"level":"info","message":"Domains fetched for create mailbox page","rawCount":1,"service":"admin-server","timestamp":"2025-12-17T01:25:40.090Z"}
{"level":"info","message":"Email-platforms page accessed","service":"admin-server","timestamp":"2025-12-17T01:26:14.980Z"}
{"level":"info","message":"Getting all email platform mappings","service":"admin-server","timestamp":"2025-12-17T01:26:14.981Z"}
{"level":"info","message":"Getting platform statistics","service":"admin-server","timestamp":"2025-12-17T01:26:14.981Z"}
{"level":"info","message":"Getting all platforms","service":"admin-server","timestamp":"2025-12-17T01:26:14.982Z"}
{"count":0,"level":"info","message":"All email platform mappings retrieved","service":"admin-server","timestamp":"2025-12-17T01:26:14.982Z"}
{"count":15,"level":"info","message":"All platforms retrieved","service":"admin-server","timestamp":"2025-12-17T01:26:14.984Z"}
{"count":0,"level":"info","message":"Platform statistics retrieved","service":"admin-server","timestamp":"2025-12-17T01:26:14.984Z"}
{"emailPlatformsCount":0,"level":"info","message":"Email platform data fetched","platformStatsCount":0,"platformsCount":15,"service":"admin-server","timestamp":"2025-12-17T01:26:14.984Z"}
